/Users/joshuajacobs/.rvm/rubies/ruby-2.6.5/lib/ruby/site_ruby/2.6.0/rubygems/bundler_version_finder.rb:80:in `pwd': Operation not permitted - getcwd (Errno::EPERM)
	from /Users/joshuajacobs/.rvm/rubies/ruby-2.6.5/lib/ruby/site_ruby/2.6.0/rubygems/bundler_version_finder.rb:80:in `lockfile_contents'
	from /Users/joshuajacobs/.rvm/rubies/ruby-2.6.5/lib/ruby/site_ruby/2.6.0/rubygems/bundler_version_finder.rb:68:in `lockfile_version'
	from /Users/joshuajacobs/.rvm/rubies/ruby-2.6.5/lib/ruby/site_ruby/2.6.0/rubygems/bundler_version_finder.rb:22:in `bundler_version_with_reason'
	from /Users/joshuajacobs/.rvm/rubies/ruby-2.6.5/lib/ruby/site_ruby/2.6.0/rubygems/bundler_version_finder.rb:7:in `bundler_version'
	from /Users/joshuajacobs/.rvm/rubies/ruby-2.6.5/lib/ruby/site_ruby/2.6.0/rubygems/bundler_version_finder.rb:39:in `compatible?'
	from /Users/joshuajacobs/.rvm/rubies/ruby-2.6.5/lib/ruby/site_ruby/2.6.0/rubygems/specification.rb:1037:in `block in find_by_path'
	from /Users/joshuajacobs/.rvm/rubies/ruby-2.6.5/lib/ruby/site_ruby/2.6.0/rubygems/specification.rb:1036:in `each'
	from /Users/joshuajacobs/.rvm/rubies/ruby-2.6.5/lib/ruby/site_ruby/2.6.0/rubygems/specification.rb:1036:in `find'
	from /Users/joshuajacobs/.rvm/rubies/ruby-2.6.5/lib/ruby/site_ruby/2.6.0/rubygems/specification.rb:1036:in `find_by_path'
	from /Users/joshuajacobs/.rvm/rubies/ruby-2.6.5/lib/ruby/site_ruby/2.6.0/rubygems.rb:213:in `try_activate'
	from /Users/joshuajacobs/.rvm/rubies/ruby-2.6.5/lib/ruby/site_ruby/2.6.0/rubygems/core_ext/kernel_require.rb:123:in `rescue in require'
	from /Users/joshuajacobs/.rvm/rubies/ruby-2.6.5/lib/ruby/site_ruby/2.6.0/rubygems/core_ext/kernel_require.rb:34:in `require'
	from /Users/joshuajacobs/.rvm/gems/ruby-2.6.5/bin/ruby_executable_hooks:9:in `<main>'
/Users/joshuajacobs/.rvm/rubies/ruby-2.6.5/lib/ruby/site_ruby/2.6.0/rubygems/core_ext/kernel_require.rb:54:in `require': cannot load such file -- executable-hooks/hooks (LoadError)
	from /Users/joshuajacobs/.rvm/rubies/ruby-2.6.5/lib/ruby/site_ruby/2.6.0/rubygems/core_ext/kernel_require.rb:54:in `require'
	from /Users/joshuajacobs/.rvm/gems/ruby-2.6.5/bin/ruby_executable_hooks:9:in `<main>'
/Users/joshuajacobs/.rvm/rubies/ruby-2.6.5/lib/ruby/site_ruby/2.6.0/rubygems/bundler_version_finder.rb:80:in `pwd': Operation not permitted - getcwd (Errno::EPERM)
	from /Users/joshuajacobs/.rvm/rubies/ruby-2.6.5/lib/ruby/site_ruby/2.6.0/rubygems/bundler_version_finder.rb:80:in `lockfile_contents'
	from /Users/joshuajacobs/.rvm/rubies/ruby-2.6.5/lib/ruby/site_ruby/2.6.0/rubygems/bundler_version_finder.rb:68:in `lockfile_version'
	from /Users/joshuajacobs/.rvm/rubies/ruby-2.6.5/lib/ruby/site_ruby/2.6.0/rubygems/bundler_version_finder.rb:22:in `bundler_version_with_reason'
	from /Users/joshuajacobs/.rvm/rubies/ruby-2.6.5/lib/ruby/site_ruby/2.6.0/rubygems/bundler_version_finder.rb:7:in `bundler_version'
	from /Users/joshuajacobs/.rvm/rubies/ruby-2.6.5/lib/ruby/site_ruby/2.6.0/rubygems/bundler_version_finder.rb:39:in `compatible?'
	from /Users/joshuajacobs/.rvm/rubies/ruby-2.6.5/lib/ruby/site_ruby/2.6.0/rubygems/specification.rb:1037:in `block in find_by_path'
	from /Users/joshuajacobs/.rvm/rubies/ruby-2.6.5/lib/ruby/site_ruby/2.6.0/rubygems/specification.rb:1036:in `each'
	from /Users/joshuajacobs/.rvm/rubies/ruby-2.6.5/lib/ruby/site_ruby/2.6.0/rubygems/specification.rb:1036:in `find'
	from /Users/joshuajacobs/.rvm/rubies/ruby-2.6.5/lib/ruby/site_ruby/2.6.0/rubygems/specification.rb:1036:in `find_by_path'
	from /Users/joshuajacobs/.rvm/rubies/ruby-2.6.5/lib/ruby/site_ruby/2.6.0/rubygems.rb:213:in `try_activate'
	from /Users/joshuajacobs/.rvm/rubies/ruby-2.6.5/lib/ruby/site_ruby/2.6.0/rubygems/core_ext/kernel_require.rb:123:in `rescue in require'
	from /Users/joshuajacobs/.rvm/rubies/ruby-2.6.5/lib/ruby/site_ruby/2.6.0/rubygems/core_ext/kernel_require.rb:34:in `require'
	from /Users/joshuajacobs/.rvm/gems/ruby-2.6.5/bin/ruby_executable_hooks:9:in `<main>'
/Users/joshuajacobs/.rvm/rubies/ruby-2.6.5/lib/ruby/site_ruby/2.6.0/rubygems/core_ext/kernel_require.rb:54:in `require': cannot load such file -- executable-hooks/hooks (LoadError)
	from /Users/joshuajacobs/.rvm/rubies/ruby-2.6.5/lib/ruby/site_ruby/2.6.0/rubygems/core_ext/kernel_require.rb:54:in `require'
	from /Users/joshuajacobs/.rvm/gems/ruby-2.6.5/bin/ruby_executable_hooks:9:in `<main>'
/Users/joshuajacobs/.rvm/rubies/ruby-2.6.5/lib/ruby/site_ruby/2.6.0/rubygems/bundler_version_finder.rb:80:in `pwd': Operation not permitted - getcwd (Errno::EPERM)
	from /Users/joshuajacobs/.rvm/rubies/ruby-2.6.5/lib/ruby/site_ruby/2.6.0/rubygems/bundler_version_finder.rb:80:in `lockfile_contents'
	from /Users/joshuajacobs/.rvm/rubies/ruby-2.6.5/lib/ruby/site_ruby/2.6.0/rubygems/bundler_version_finder.rb:68:in `lockfile_version'
	from /Users/joshuajacobs/.rvm/rubies/ruby-2.6.5/lib/ruby/site_ruby/2.6.0/rubygems/bundler_version_finder.rb:22:in `bundler_version_with_reason'
	from /Users/joshuajacobs/.rvm/rubies/ruby-2.6.5/lib/ruby/site_ruby/2.6.0/rubygems/bundler_version_finder.rb:7:in `bundler_version'
	from /Users/joshuajacobs/.rvm/rubies/ruby-2.6.5/lib/ruby/site_ruby/2.6.0/rubygems/bundler_version_finder.rb:39:in `compatible?'
	from /Users/joshuajacobs/.rvm/rubies/ruby-2.6.5/lib/ruby/site_ruby/2.6.0/rubygems/specification.rb:1037:in `block in find_by_path'
	from /Users/joshuajacobs/.rvm/rubies/ruby-2.6.5/lib/ruby/site_ruby/2.6.0/rubygems/specification.rb:1036:in `each'
	from /Users/joshuajacobs/.rvm/rubies/ruby-2.6.5/lib/ruby/site_ruby/2.6.0/rubygems/specification.rb:1036:in `find'
	from /Users/joshuajacobs/.rvm/rubies/ruby-2.6.5/lib/ruby/site_ruby/2.6.0/rubygems/specification.rb:1036:in `find_by_path'
	from /Users/joshuajacobs/.rvm/rubies/ruby-2.6.5/lib/ruby/site_ruby/2.6.0/rubygems.rb:213:in `try_activate'
	from /Users/joshuajacobs/.rvm/rubies/ruby-2.6.5/lib/ruby/site_ruby/2.6.0/rubygems/core_ext/kernel_require.rb:123:in `rescue in require'
	from /Users/joshuajacobs/.rvm/rubies/ruby-2.6.5/lib/ruby/site_ruby/2.6.0/rubygems/core_ext/kernel_require.rb:34:in `require'
	from /Users/joshuajacobs/.rvm/gems/ruby-2.6.5/bin/ruby_executable_hooks:9:in `<main>'
/Users/joshuajacobs/.rvm/rubies/ruby-2.6.5/lib/ruby/site_ruby/2.6.0/rubygems/core_ext/kernel_require.rb:54:in `require': cannot load such file -- executable-hooks/hooks (LoadError)
	from /Users/joshuajacobs/.rvm/rubies/ruby-2.6.5/lib/ruby/site_ruby/2.6.0/rubygems/core_ext/kernel_require.rb:54:in `require'
	from /Users/joshuajacobs/.rvm/gems/ruby-2.6.5/bin/ruby_executable_hooks:9:in `<main>'
/Users/joshuajacobs/.rvm/rubies/ruby-2.6.5/lib/ruby/site_ruby/2.6.0/rubygems/bundler_version_finder.rb:80:in `pwd': Operation not permitted - getcwd (Errno::EPERM)
	from /Users/joshuajacobs/.rvm/rubies/ruby-2.6.5/lib/ruby/site_ruby/2.6.0/rubygems/bundler_version_finder.rb:80:in `lockfile_contents'
	from /Users/joshuajacobs/.rvm/rubies/ruby-2.6.5/lib/ruby/site_ruby/2.6.0/rubygems/bundler_version_finder.rb:68:in `lockfile_version'
	from /Users/joshuajacobs/.rvm/rubies/ruby-2.6.5/lib/ruby/site_ruby/2.6.0/rubygems/bundler_version_finder.rb:22:in `bundler_version_with_reason'
	from /Users/joshuajacobs/.rvm/rubies/ruby-2.6.5/lib/ruby/site_ruby/2.6.0/rubygems/bundler_version_finder.rb:7:in `bundler_version'
	from /Users/joshuajacobs/.rvm/rubies/ruby-2.6.5/lib/ruby/site_ruby/2.6.0/rubygems/bundler_version_finder.rb:39:in `compatible?'
	from /Users/joshuajacobs/.rvm/rubies/ruby-2.6.5/lib/ruby/site_ruby/2.6.0/rubygems/specification.rb:1037:in `block in find_by_path'
	from /Users/joshuajacobs/.rvm/rubies/ruby-2.6.5/lib/ruby/site_ruby/2.6.0/rubygems/specification.rb:1036:in `each'
	from /Users/joshuajacobs/.rvm/rubies/ruby-2.6.5/lib/ruby/site_ruby/2.6.0/rubygems/specification.rb:1036:in `find'
	from /Users/joshuajacobs/.rvm/rubies/ruby-2.6.5/lib/ruby/site_ruby/2.6.0/rubygems/specification.rb:1036:in `find_by_path'
	from /Users/joshuajacobs/.rvm/rubies/ruby-2.6.5/lib/ruby/site_ruby/2.6.0/rubygems.rb:213:in `try_activate'
	from /Users/joshuajacobs/.rvm/rubies/ruby-2.6.5/lib/ruby/site_ruby/2.6.0/rubygems/core_ext/kernel_require.rb:123:in `rescue in require'
	from /Users/joshuajacobs/.rvm/rubies/ruby-2.6.5/lib/ruby/site_ruby/2.6.0/rubygems/core_ext/kernel_require.rb:34:in `require'
	from /Users/joshuajacobs/.rvm/gems/ruby-2.6.5/bin/ruby_executable_hooks:9:in `<main>'
/Users/joshuajacobs/.rvm/rubies/ruby-2.6.5/lib/ruby/site_ruby/2.6.0/rubygems/core_ext/kernel_require.rb:54:in `require': cannot load such file -- executable-hooks/hooks (LoadError)
	from /Users/joshuajacobs/.rvm/rubies/ruby-2.6.5/lib/ruby/site_ruby/2.6.0/rubygems/core_ext/kernel_require.rb:54:in `require'
	from /Users/joshuajacobs/.rvm/gems/ruby-2.6.5/bin/ruby_executable_hooks:9:in `<main>'
/Users/joshuajacobs/.rvm/rubies/ruby-2.6.5/lib/ruby/site_ruby/2.6.0/rubygems/bundler_version_finder.rb:80:in `pwd': Operation not permitted - getcwd (Errno::EPERM)
	from /Users/joshuajacobs/.rvm/rubies/ruby-2.6.5/lib/ruby/site_ruby/2.6.0/rubygems/bundler_version_finder.rb:80:in `lockfile_contents'
	from /Users/joshuajacobs/.rvm/rubies/ruby-2.6.5/lib/ruby/site_ruby/2.6.0/rubygems/bundler_version_finder.rb:68:in `lockfile_version'
	from /Users/joshuajacobs/.rvm/rubies/ruby-2.6.5/lib/ruby/site_ruby/2.6.0/rubygems/bundler_version_finder.rb:22:in `bundler_version_with_reason'
	from /Users/joshuajacobs/.rvm/rubies/ruby-2.6.5/lib/ruby/site_ruby/2.6.0/rubygems/bundler_version_finder.rb:7:in `bundler_version'
	from /Users/joshuajacobs/.rvm/rubies/ruby-2.6.5/lib/ruby/site_ruby/2.6.0/rubygems/bundler_version_finder.rb:39:in `compatible?'
	from /Users/joshuajacobs/.rvm/rubies/ruby-2.6.5/lib/ruby/site_ruby/2.6.0/rubygems/specification.rb:1037:in `block in find_by_path'
	from /Users/joshuajacobs/.rvm/rubies/ruby-2.6.5/lib/ruby/site_ruby/2.6.0/rubygems/specification.rb:1036:in `each'
	from /Users/joshuajacobs/.rvm/rubies/ruby-2.6.5/lib/ruby/site_ruby/2.6.0/rubygems/specification.rb:1036:in `find'
	from /Users/joshuajacobs/.rvm/rubies/ruby-2.6.5/lib/ruby/site_ruby/2.6.0/rubygems/specification.rb:1036:in `find_by_path'
	from /Users/joshuajacobs/.rvm/rubies/ruby-2.6.5/lib/ruby/site_ruby/2.6.0/rubygems.rb:213:in `try_activate'
	from /Users/joshuajacobs/.rvm/rubies/ruby-2.6.5/lib/ruby/site_ruby/2.6.0/rubygems/core_ext/kernel_require.rb:123:in `rescue in require'
	from /Users/joshuajacobs/.rvm/rubies/ruby-2.6.5/lib/ruby/site_ruby/2.6.0/rubygems/core_ext/kernel_require.rb:34:in `require'
	from /Users/joshuajacobs/.rvm/gems/ruby-2.6.5/bin/ruby_executable_hooks:9:in `<main>'
/Users/joshuajacobs/.rvm/rubies/ruby-2.6.5/lib/ruby/site_ruby/2.6.0/rubygems/core_ext/kernel_require.rb:54:in `require': cannot load such file -- executable-hooks/hooks (LoadError)
	from /Users/joshuajacobs/.rvm/rubies/ruby-2.6.5/lib/ruby/site_ruby/2.6.0/rubygems/core_ext/kernel_require.rb:54:in `require'
	from /Users/joshuajacobs/.rvm/gems/ruby-2.6.5/bin/ruby_executable_hooks:9:in `<main>'
/Users/joshuajacobs/.rvm/rubies/ruby-2.6.5/lib/ruby/site_ruby/2.6.0/rubygems/bundler_version_finder.rb:80:in `pwd': Operation not permitted - getcwd (Errno::EPERM)
	from /Users/joshuajacobs/.rvm/rubies/ruby-2.6.5/lib/ruby/site_ruby/2.6.0/rubygems/bundler_version_finder.rb:80:in `lockfile_contents'
	from /Users/joshuajacobs/.rvm/rubies/ruby-2.6.5/lib/ruby/site_ruby/2.6.0/rubygems/bundler_version_finder.rb:68:in `lockfile_version'
	from /Users/joshuajacobs/.rvm/rubies/ruby-2.6.5/lib/ruby/site_ruby/2.6.0/rubygems/bundler_version_finder.rb:22:in `bundler_version_with_reason'
	from /Users/joshuajacobs/.rvm/rubies/ruby-2.6.5/lib/ruby/site_ruby/2.6.0/rubygems/bundler_version_finder.rb:7:in `bundler_version'
	from /Users/joshuajacobs/.rvm/rubies/ruby-2.6.5/lib/ruby/site_ruby/2.6.0/rubygems/bundler_version_finder.rb:39:in `compatible?'
	from /Users/joshuajacobs/.rvm/rubies/ruby-2.6.5/lib/ruby/site_ruby/2.6.0/rubygems/specification.rb:1037:in `block in find_by_path'
	from /Users/joshuajacobs/.rvm/rubies/ruby-2.6.5/lib/ruby/site_ruby/2.6.0/rubygems/specification.rb:1036:in `each'
	from /Users/joshuajacobs/.rvm/rubies/ruby-2.6.5/lib/ruby/site_ruby/2.6.0/rubygems/specification.rb:1036:in `find'
	from /Users/joshuajacobs/.rvm/rubies/ruby-2.6.5/lib/ruby/site_ruby/2.6.0/rubygems/specification.rb:1036:in `find_by_path'
	from /Users/joshuajacobs/.rvm/rubies/ruby-2.6.5/lib/ruby/site_ruby/2.6.0/rubygems.rb:213:in `try_activate'
	from /Users/joshuajacobs/.rvm/rubies/ruby-2.6.5/lib/ruby/site_ruby/2.6.0/rubygems/core_ext/kernel_require.rb:123:in `rescue in require'
	from /Users/joshuajacobs/.rvm/rubies/ruby-2.6.5/lib/ruby/site_ruby/2.6.0/rubygems/core_ext/kernel_require.rb:34:in `require'
	from /Users/joshuajacobs/.rvm/gems/ruby-2.6.5/bin/ruby_executable_hooks:9:in `<main>'
/Users/joshuajacobs/.rvm/rubies/ruby-2.6.5/lib/ruby/site_ruby/2.6.0/rubygems/core_ext/kernel_require.rb:54:in `require': cannot load such file -- executable-hooks/hooks (LoadError)
	from /Users/joshuajacobs/.rvm/rubies/ruby-2.6.5/lib/ruby/site_ruby/2.6.0/rubygems/core_ext/kernel_require.rb:54:in `require'
	from /Users/joshuajacobs/.rvm/gems/ruby-2.6.5/bin/ruby_executable_hooks:9:in `<main>'
/Users/joshuajacobs/.rvm/rubies/ruby-2.6.5/lib/ruby/site_ruby/2.6.0/rubygems/bundler_version_finder.rb:80:in `pwd': Operation not permitted - getcwd (Errno::EPERM)
	from /Users/joshuajacobs/.rvm/rubies/ruby-2.6.5/lib/ruby/site_ruby/2.6.0/rubygems/bundler_version_finder.rb:80:in `lockfile_contents'
	from /Users/joshuajacobs/.rvm/rubies/ruby-2.6.5/lib/ruby/site_ruby/2.6.0/rubygems/bundler_version_finder.rb:68:in `lockfile_version'
	from /Users/joshuajacobs/.rvm/rubies/ruby-2.6.5/lib/ruby/site_ruby/2.6.0/rubygems/bundler_version_finder.rb:22:in `bundler_version_with_reason'
	from /Users/joshuajacobs/.rvm/rubies/ruby-2.6.5/lib/ruby/site_ruby/2.6.0/rubygems/bundler_version_finder.rb:7:in `bundler_version'
	from /Users/joshuajacobs/.rvm/rubies/ruby-2.6.5/lib/ruby/site_ruby/2.6.0/rubygems/bundler_version_finder.rb:39:in `compatible?'
	from /Users/joshuajacobs/.rvm/rubies/ruby-2.6.5/lib/ruby/site_ruby/2.6.0/rubygems/specification.rb:1037:in `block in find_by_path'
	from /Users/joshuajacobs/.rvm/rubies/ruby-2.6.5/lib/ruby/site_ruby/2.6.0/rubygems/specification.rb:1036:in `each'
	from /Users/joshuajacobs/.rvm/rubies/ruby-2.6.5/lib/ruby/site_ruby/2.6.0/rubygems/specification.rb:1036:in `find'
	from /Users/joshuajacobs/.rvm/rubies/ruby-2.6.5/lib/ruby/site_ruby/2.6.0/rubygems/specification.rb:1036:in `find_by_path'
	from /Users/joshuajacobs/.rvm/rubies/ruby-2.6.5/lib/ruby/site_ruby/2.6.0/rubygems.rb:213:in `try_activate'
	from /Users/joshuajacobs/.rvm/rubies/ruby-2.6.5/lib/ruby/site_ruby/2.6.0/rubygems/core_ext/kernel_require.rb:123:in `rescue in require'
	from /Users/joshuajacobs/.rvm/rubies/ruby-2.6.5/lib/ruby/site_ruby/2.6.0/rubygems/core_ext/kernel_require.rb:34:in `require'
	from /Users/joshuajacobs/.rvm/gems/ruby-2.6.5/bin/ruby_executable_hooks:9:in `<main>'
/Users/joshuajacobs/.rvm/rubies/ruby-2.6.5/lib/ruby/site_ruby/2.6.0/rubygems/core_ext/kernel_require.rb:54:in `require': cannot load such file -- executable-hooks/hooks (LoadError)
	from /Users/joshuajacobs/.rvm/rubies/ruby-2.6.5/lib/ruby/site_ruby/2.6.0/rubygems/core_ext/kernel_require.rb:54:in `require'
	from /Users/joshuajacobs/.rvm/gems/ruby-2.6.5/bin/ruby_executable_hooks:9:in `<main>'
/Users/joshuajacobs/.rvm/rubies/ruby-2.6.5/lib/ruby/site_ruby/2.6.0/rubygems/bundler_version_finder.rb:80:in `pwd': Operation not permitted - getcwd (Errno::EPERM)
	from /Users/joshuajacobs/.rvm/rubies/ruby-2.6.5/lib/ruby/site_ruby/2.6.0/rubygems/bundler_version_finder.rb:80:in `lockfile_contents'
	from /Users/joshuajacobs/.rvm/rubies/ruby-2.6.5/lib/ruby/site_ruby/2.6.0/rubygems/bundler_version_finder.rb:68:in `lockfile_version'
	from /Users/joshuajacobs/.rvm/rubies/ruby-2.6.5/lib/ruby/site_ruby/2.6.0/rubygems/bundler_version_finder.rb:22:in `bundler_version_with_reason'
	from /Users/joshuajacobs/.rvm/rubies/ruby-2.6.5/lib/ruby/site_ruby/2.6.0/rubygems/bundler_version_finder.rb:7:in `bundler_version'
	from /Users/joshuajacobs/.rvm/rubies/ruby-2.6.5/lib/ruby/site_ruby/2.6.0/rubygems/bundler_version_finder.rb:39:in `compatible?'
	from /Users/joshuajacobs/.rvm/rubies/ruby-2.6.5/lib/ruby/site_ruby/2.6.0/rubygems/specification.rb:1037:in `block in find_by_path'
	from /Users/joshuajacobs/.rvm/rubies/ruby-2.6.5/lib/ruby/site_ruby/2.6.0/rubygems/specification.rb:1036:in `each'
	from /Users/joshuajacobs/.rvm/rubies/ruby-2.6.5/lib/ruby/site_ruby/2.6.0/rubygems/specification.rb:1036:in `find'
	from /Users/joshuajacobs/.rvm/rubies/ruby-2.6.5/lib/ruby/site_ruby/2.6.0/rubygems/specification.rb:1036:in `find_by_path'
	from /Users/joshuajacobs/.rvm/rubies/ruby-2.6.5/lib/ruby/site_ruby/2.6.0/rubygems.rb:213:in `try_activate'
	from /Users/joshuajacobs/.rvm/rubies/ruby-2.6.5/lib/ruby/site_ruby/2.6.0/rubygems/core_ext/kernel_require.rb:123:in `rescue in require'
	from /Users/joshuajacobs/.rvm/rubies/ruby-2.6.5/lib/ruby/site_ruby/2.6.0/rubygems/core_ext/kernel_require.rb:34:in `require'
	from /Users/joshuajacobs/.rvm/gems/ruby-2.6.5/bin/ruby_executable_hooks:9:in `<main>'
/Users/joshuajacobs/.rvm/rubies/ruby-2.6.5/lib/ruby/site_ruby/2.6.0/rubygems/core_ext/kernel_require.rb:54:in `require': cannot load such file -- executable-hooks/hooks (LoadError)
	from /Users/joshuajacobs/.rvm/rubies/ruby-2.6.5/lib/ruby/site_ruby/2.6.0/rubygems/core_ext/kernel_require.rb:54:in `require'
	from /Users/joshuajacobs/.rvm/gems/ruby-2.6.5/bin/ruby_executable_hooks:9:in `<main>'
/Users/joshuajacobs/.rvm/rubies/ruby-2.6.5/lib/ruby/site_ruby/2.6.0/rubygems/bundler_version_finder.rb:80:in `pwd': Operation not permitted - getcwd (Errno::EPERM)
	from /Users/joshuajacobs/.rvm/rubies/ruby-2.6.5/lib/ruby/site_ruby/2.6.0/rubygems/bundler_version_finder.rb:80:in `lockfile_contents'
	from /Users/joshuajacobs/.rvm/rubies/ruby-2.6.5/lib/ruby/site_ruby/2.6.0/rubygems/bundler_version_finder.rb:68:in `lockfile_version'
	from /Users/joshuajacobs/.rvm/rubies/ruby-2.6.5/lib/ruby/site_ruby/2.6.0/rubygems/bundler_version_finder.rb:22:in `bundler_version_with_reason'
	from /Users/joshuajacobs/.rvm/rubies/ruby-2.6.5/lib/ruby/site_ruby/2.6.0/rubygems/bundler_version_finder.rb:7:in `bundler_version'
	from /Users/joshuajacobs/.rvm/rubies/ruby-2.6.5/lib/ruby/site_ruby/2.6.0/rubygems/bundler_version_finder.rb:39:in `compatible?'
	from /Users/joshuajacobs/.rvm/rubies/ruby-2.6.5/lib/ruby/site_ruby/2.6.0/rubygems/specification.rb:1037:in `block in find_by_path'
	from /Users/joshuajacobs/.rvm/rubies/ruby-2.6.5/lib/ruby/site_ruby/2.6.0/rubygems/specification.rb:1036:in `each'
	from /Users/joshuajacobs/.rvm/rubies/ruby-2.6.5/lib/ruby/site_ruby/2.6.0/rubygems/specification.rb:1036:in `find'
	from /Users/joshuajacobs/.rvm/rubies/ruby-2.6.5/lib/ruby/site_ruby/2.6.0/rubygems/specification.rb:1036:in `find_by_path'
	from /Users/joshuajacobs/.rvm/rubies/ruby-2.6.5/lib/ruby/site_ruby/2.6.0/rubygems.rb:213:in `try_activate'
	from /Users/joshuajacobs/.rvm/rubies/ruby-2.6.5/lib/ruby/site_ruby/2.6.0/rubygems/core_ext/kernel_require.rb:123:in `rescue in require'
	from /Users/joshuajacobs/.rvm/rubies/ruby-2.6.5/lib/ruby/site_ruby/2.6.0/rubygems/core_ext/kernel_require.rb:34:in `require'
	from /Users/joshuajacobs/.rvm/gems/ruby-2.6.5/bin/ruby_executable_hooks:9:in `<main>'
/Users/joshuajacobs/.rvm/rubies/ruby-2.6.5/lib/ruby/site_ruby/2.6.0/rubygems/core_ext/kernel_require.rb:54:in `require': cannot load such file -- executable-hooks/hooks (LoadError)
	from /Users/joshuajacobs/.rvm/rubies/ruby-2.6.5/lib/ruby/site_ruby/2.6.0/rubygems/core_ext/kernel_require.rb:54:in `require'
	from /Users/joshuajacobs/.rvm/gems/ruby-2.6.5/bin/ruby_executable_hooks:9:in `<main>'
/Users/joshuajacobs/.rvm/rubies/ruby-2.6.5/lib/ruby/site_ruby/2.6.0/rubygems/bundler_version_finder.rb:80:in `pwd': Operation not permitted - getcwd (Errno::EPERM)
	from /Users/joshuajacobs/.rvm/rubies/ruby-2.6.5/lib/ruby/site_ruby/2.6.0/rubygems/bundler_version_finder.rb:80:in `lockfile_contents'
	from /Users/joshuajacobs/.rvm/rubies/ruby-2.6.5/lib/ruby/site_ruby/2.6.0/rubygems/bundler_version_finder.rb:68:in `lockfile_version'
	from /Users/joshuajacobs/.rvm/rubies/ruby-2.6.5/lib/ruby/site_ruby/2.6.0/rubygems/bundler_version_finder.rb:22:in `bundler_version_with_reason'
	from /Users/joshuajacobs/.rvm/rubies/ruby-2.6.5/lib/ruby/site_ruby/2.6.0/rubygems/bundler_version_finder.rb:7:in `bundler_version'
	from /Users/joshuajacobs/.rvm/rubies/ruby-2.6.5/lib/ruby/site_ruby/2.6.0/rubygems/bundler_version_finder.rb:39:in `compatible?'
	from /Users/joshuajacobs/.rvm/rubies/ruby-2.6.5/lib/ruby/site_ruby/2.6.0/rubygems/specification.rb:1037:in `block in find_by_path'
	from /Users/joshuajacobs/.rvm/rubies/ruby-2.6.5/lib/ruby/site_ruby/2.6.0/rubygems/specification.rb:1036:in `each'
	from /Users/joshuajacobs/.rvm/rubies/ruby-2.6.5/lib/ruby/site_ruby/2.6.0/rubygems/specification.rb:1036:in `find'
	from /Users/joshuajacobs/.rvm/rubies/ruby-2.6.5/lib/ruby/site_ruby/2.6.0/rubygems/specification.rb:1036:in `find_by_path'
	from /Users/joshuajacobs/.rvm/rubies/ruby-2.6.5/lib/ruby/site_ruby/2.6.0/rubygems.rb:213:in `try_activate'
	from /Users/joshuajacobs/.rvm/rubies/ruby-2.6.5/lib/ruby/site_ruby/2.6.0/rubygems/core_ext/kernel_require.rb:123:in `rescue in require'
	from /Users/joshuajacobs/.rvm/rubies/ruby-2.6.5/lib/ruby/site_ruby/2.6.0/rubygems/core_ext/kernel_require.rb:34:in `require'
	from /Users/joshuajacobs/.rvm/gems/ruby-2.6.5/bin/ruby_executable_hooks:9:in `<main>'
/Users/joshuajacobs/.rvm/rubies/ruby-2.6.5/lib/ruby/site_ruby/2.6.0/rubygems/core_ext/kernel_require.rb:54:in `require': cannot load such file -- executable-hooks/hooks (LoadError)
	from /Users/joshuajacobs/.rvm/rubies/ruby-2.6.5/lib/ruby/site_ruby/2.6.0/rubygems/core_ext/kernel_require.rb:54:in `require'
	from /Users/joshuajacobs/.rvm/gems/ruby-2.6.5/bin/ruby_executable_hooks:9:in `<main>'
/Users/joshuajacobs/.rvm/rubies/ruby-2.6.5/lib/ruby/site_ruby/2.6.0/rubygems/bundler_version_finder.rb:80:in `pwd': Operation not permitted - getcwd (Errno::EPERM)
	from /Users/joshuajacobs/.rvm/rubies/ruby-2.6.5/lib/ruby/site_ruby/2.6.0/rubygems/bundler_version_finder.rb:80:in `lockfile_contents'
	from /Users/joshuajacobs/.rvm/rubies/ruby-2.6.5/lib/ruby/site_ruby/2.6.0/rubygems/bundler_version_finder.rb:68:in `lockfile_version'
	from /Users/joshuajacobs/.rvm/rubies/ruby-2.6.5/lib/ruby/site_ruby/2.6.0/rubygems/bundler_version_finder.rb:22:in `bundler_version_with_reason'
	from /Users/joshuajacobs/.rvm/rubies/ruby-2.6.5/lib/ruby/site_ruby/2.6.0/rubygems/bundler_version_finder.rb:7:in `bundler_version'
	from /Users/joshuajacobs/.rvm/rubies/ruby-2.6.5/lib/ruby/site_ruby/2.6.0/rubygems/bundler_version_finder.rb:39:in `compatible?'
	from /Users/joshuajacobs/.rvm/rubies/ruby-2.6.5/lib/ruby/site_ruby/2.6.0/rubygems/specification.rb:1037:in `block in find_by_path'
	from /Users/joshuajacobs/.rvm/rubies/ruby-2.6.5/lib/ruby/site_ruby/2.6.0/rubygems/specification.rb:1036:in `each'
	from /Users/joshuajacobs/.rvm/rubies/ruby-2.6.5/lib/ruby/site_ruby/2.6.0/rubygems/specification.rb:1036:in `find'
	from /Users/joshuajacobs/.rvm/rubies/ruby-2.6.5/lib/ruby/site_ruby/2.6.0/rubygems/specification.rb:1036:in `find_by_path'
	from /Users/joshuajacobs/.rvm/rubies/ruby-2.6.5/lib/ruby/site_ruby/2.6.0/rubygems.rb:213:in `try_activate'
	from /Users/joshuajacobs/.rvm/rubies/ruby-2.6.5/lib/ruby/site_ruby/2.6.0/rubygems/core_ext/kernel_require.rb:123:in `rescue in require'
	from /Users/joshuajacobs/.rvm/rubies/ruby-2.6.5/lib/ruby/site_ruby/2.6.0/rubygems/core_ext/kernel_require.rb:34:in `require'
	from /Users/joshuajacobs/.rvm/gems/ruby-2.6.5/bin/ruby_executable_hooks:9:in `<main>'
/Users/joshuajacobs/.rvm/rubies/ruby-2.6.5/lib/ruby/site_ruby/2.6.0/rubygems/core_ext/kernel_require.rb:54:in `require': cannot load such file -- executable-hooks/hooks (LoadError)
	from /Users/joshuajacobs/.rvm/rubies/ruby-2.6.5/lib/ruby/site_ruby/2.6.0/rubygems/core_ext/kernel_require.rb:54:in `require'
	from /Users/joshuajacobs/.rvm/gems/ruby-2.6.5/bin/ruby_executable_hooks:9:in `<main>'
/Users/joshuajacobs/.rvm/rubies/ruby-2.6.5/lib/ruby/site_ruby/2.6.0/rubygems/bundler_version_finder.rb:80:in `pwd': Operation not permitted - getcwd (Errno::EPERM)
	from /Users/joshuajacobs/.rvm/rubies/ruby-2.6.5/lib/ruby/site_ruby/2.6.0/rubygems/bundler_version_finder.rb:80:in `lockfile_contents'
	from /Users/joshuajacobs/.rvm/rubies/ruby-2.6.5/lib/ruby/site_ruby/2.6.0/rubygems/bundler_version_finder.rb:68:in `lockfile_version'
	from /Users/joshuajacobs/.rvm/rubies/ruby-2.6.5/lib/ruby/site_ruby/2.6.0/rubygems/bundler_version_finder.rb:22:in `bundler_version_with_reason'
	from /Users/joshuajacobs/.rvm/rubies/ruby-2.6.5/lib/ruby/site_ruby/2.6.0/rubygems/bundler_version_finder.rb:7:in `bundler_version'
	from /Users/joshuajacobs/.rvm/rubies/ruby-2.6.5/lib/ruby/site_ruby/2.6.0/rubygems/bundler_version_finder.rb:39:in `compatible?'
	from /Users/joshuajacobs/.rvm/rubies/ruby-2.6.5/lib/ruby/site_ruby/2.6.0/rubygems/specification.rb:1037:in `block in find_by_path'
	from /Users/joshuajacobs/.rvm/rubies/ruby-2.6.5/lib/ruby/site_ruby/2.6.0/rubygems/specification.rb:1036:in `each'
	from /Users/joshuajacobs/.rvm/rubies/ruby-2.6.5/lib/ruby/site_ruby/2.6.0/rubygems/specification.rb:1036:in `find'
	from /Users/joshuajacobs/.rvm/rubies/ruby-2.6.5/lib/ruby/site_ruby/2.6.0/rubygems/specification.rb:1036:in `find_by_path'
	from /Users/joshuajacobs/.rvm/rubies/ruby-2.6.5/lib/ruby/site_ruby/2.6.0/rubygems.rb:213:in `try_activate'
	from /Users/joshuajacobs/.rvm/rubies/ruby-2.6.5/lib/ruby/site_ruby/2.6.0/rubygems/core_ext/kernel_require.rb:123:in `rescue in require'
	from /Users/joshuajacobs/.rvm/rubies/ruby-2.6.5/lib/ruby/site_ruby/2.6.0/rubygems/core_ext/kernel_require.rb:34:in `require'
	from /Users/joshuajacobs/.rvm/gems/ruby-2.6.5/bin/ruby_executable_hooks:9:in `<main>'
/Users/joshuajacobs/.rvm/rubies/ruby-2.6.5/lib/ruby/site_ruby/2.6.0/rubygems/core_ext/kernel_require.rb:54:in `require': cannot load such file -- executable-hooks/hooks (LoadError)
	from /Users/joshuajacobs/.rvm/rubies/ruby-2.6.5/lib/ruby/site_ruby/2.6.0/rubygems/core_ext/kernel_require.rb:54:in `require'
	from /Users/joshuajacobs/.rvm/gems/ruby-2.6.5/bin/ruby_executable_hooks:9:in `<main>'
/Users/joshuajacobs/.rvm/rubies/ruby-2.6.5/lib/ruby/site_ruby/2.6.0/rubygems/bundler_version_finder.rb:80:in `pwd': Operation not permitted - getcwd (Errno::EPERM)
	from /Users/joshuajacobs/.rvm/rubies/ruby-2.6.5/lib/ruby/site_ruby/2.6.0/rubygems/bundler_version_finder.rb:80:in `lockfile_contents'
	from /Users/joshuajacobs/.rvm/rubies/ruby-2.6.5/lib/ruby/site_ruby/2.6.0/rubygems/bundler_version_finder.rb:68:in `lockfile_version'
	from /Users/joshuajacobs/.rvm/rubies/ruby-2.6.5/lib/ruby/site_ruby/2.6.0/rubygems/bundler_version_finder.rb:22:in `bundler_version_with_reason'
	from /Users/joshuajacobs/.rvm/rubies/ruby-2.6.5/lib/ruby/site_ruby/2.6.0/rubygems/bundler_version_finder.rb:7:in `bundler_version'
	from /Users/joshuajacobs/.rvm/rubies/ruby-2.6.5/lib/ruby/site_ruby/2.6.0/rubygems/bundler_version_finder.rb:39:in `compatible?'
	from /Users/joshuajacobs/.rvm/rubies/ruby-2.6.5/lib/ruby/site_ruby/2.6.0/rubygems/specification.rb:1037:in `block in find_by_path'
	from /Users/joshuajacobs/.rvm/rubies/ruby-2.6.5/lib/ruby/site_ruby/2.6.0/rubygems/specification.rb:1036:in `each'
	from /Users/joshuajacobs/.rvm/rubies/ruby-2.6.5/lib/ruby/site_ruby/2.6.0/rubygems/specification.rb:1036:in `find'
	from /Users/joshuajacobs/.rvm/rubies/ruby-2.6.5/lib/ruby/site_ruby/2.6.0/rubygems/specification.rb:1036:in `find_by_path'
	from /Users/joshuajacobs/.rvm/rubies/ruby-2.6.5/lib/ruby/site_ruby/2.6.0/rubygems.rb:213:in `try_activate'
	from /Users/joshuajacobs/.rvm/rubies/ruby-2.6.5/lib/ruby/site_ruby/2.6.0/rubygems/core_ext/kernel_require.rb:123:in `rescue in require'
	from /Users/joshuajacobs/.rvm/rubies/ruby-2.6.5/lib/ruby/site_ruby/2.6.0/rubygems/core_ext/kernel_require.rb:34:in `require'
	from /Users/joshuajacobs/.rvm/gems/ruby-2.6.5/bin/ruby_executable_hooks:9:in `<main>'
/Users/joshuajacobs/.rvm/rubies/ruby-2.6.5/lib/ruby/site_ruby/2.6.0/rubygems/core_ext/kernel_require.rb:54:in `require': cannot load such file -- executable-hooks/hooks (LoadError)
	from /Users/joshuajacobs/.rvm/rubies/ruby-2.6.5/lib/ruby/site_ruby/2.6.0/rubygems/core_ext/kernel_require.rb:54:in `require'
	from /Users/joshuajacobs/.rvm/gems/ruby-2.6.5/bin/ruby_executable_hooks:9:in `<main>'
/Users/joshuajacobs/.rvm/rubies/ruby-2.6.5/lib/ruby/site_ruby/2.6.0/rubygems/bundler_version_finder.rb:80:in `pwd': Operation not permitted - getcwd (Errno::EPERM)
	from /Users/joshuajacobs/.rvm/rubies/ruby-2.6.5/lib/ruby/site_ruby/2.6.0/rubygems/bundler_version_finder.rb:80:in `lockfile_contents'
	from /Users/joshuajacobs/.rvm/rubies/ruby-2.6.5/lib/ruby/site_ruby/2.6.0/rubygems/bundler_version_finder.rb:68:in `lockfile_version'
	from /Users/joshuajacobs/.rvm/rubies/ruby-2.6.5/lib/ruby/site_ruby/2.6.0/rubygems/bundler_version_finder.rb:22:in `bundler_version_with_reason'
	from /Users/joshuajacobs/.rvm/rubies/ruby-2.6.5/lib/ruby/site_ruby/2.6.0/rubygems/bundler_version_finder.rb:7:in `bundler_version'
	from /Users/joshuajacobs/.rvm/rubies/ruby-2.6.5/lib/ruby/site_ruby/2.6.0/rubygems/bundler_version_finder.rb:39:in `compatible?'
	from /Users/joshuajacobs/.rvm/rubies/ruby-2.6.5/lib/ruby/site_ruby/2.6.0/rubygems/specification.rb:1037:in `block in find_by_path'
	from /Users/joshuajacobs/.rvm/rubies/ruby-2.6.5/lib/ruby/site_ruby/2.6.0/rubygems/specification.rb:1036:in `each'
	from /Users/joshuajacobs/.rvm/rubies/ruby-2.6.5/lib/ruby/site_ruby/2.6.0/rubygems/specification.rb:1036:in `find'
	from /Users/joshuajacobs/.rvm/rubies/ruby-2.6.5/lib/ruby/site_ruby/2.6.0/rubygems/specification.rb:1036:in `find_by_path'
	from /Users/joshuajacobs/.rvm/rubies/ruby-2.6.5/lib/ruby/site_ruby/2.6.0/rubygems.rb:213:in `try_activate'
	from /Users/joshuajacobs/.rvm/rubies/ruby-2.6.5/lib/ruby/site_ruby/2.6.0/rubygems/core_ext/kernel_require.rb:123:in `rescue in require'
	from /Users/joshuajacobs/.rvm/rubies/ruby-2.6.5/lib/ruby/site_ruby/2.6.0/rubygems/core_ext/kernel_require.rb:34:in `require'
	from /Users/joshuajacobs/.rvm/gems/ruby-2.6.5/bin/ruby_executable_hooks:9:in `<main>'
/Users/joshuajacobs/.rvm/rubies/ruby-2.6.5/lib/ruby/site_ruby/2.6.0/rubygems/core_ext/kernel_require.rb:54:in `require': cannot load such file -- executable-hooks/hooks (LoadError)
	from /Users/joshuajacobs/.rvm/rubies/ruby-2.6.5/lib/ruby/site_ruby/2.6.0/rubygems/core_ext/kernel_require.rb:54:in `require'
	from /Users/joshuajacobs/.rvm/gems/ruby-2.6.5/bin/ruby_executable_hooks:9:in `<main>'
/Users/joshuajacobs/.rvm/rubies/ruby-2.6.5/lib/ruby/site_ruby/2.6.0/rubygems/bundler_version_finder.rb:80:in `pwd': Operation not permitted - getcwd (Errno::EPERM)
	from /Users/joshuajacobs/.rvm/rubies/ruby-2.6.5/lib/ruby/site_ruby/2.6.0/rubygems/bundler_version_finder.rb:80:in `lockfile_contents'
	from /Users/joshuajacobs/.rvm/rubies/ruby-2.6.5/lib/ruby/site_ruby/2.6.0/rubygems/bundler_version_finder.rb:68:in `lockfile_version'
	from /Users/joshuajacobs/.rvm/rubies/ruby-2.6.5/lib/ruby/site_ruby/2.6.0/rubygems/bundler_version_finder.rb:22:in `bundler_version_with_reason'
	from /Users/joshuajacobs/.rvm/rubies/ruby-2.6.5/lib/ruby/site_ruby/2.6.0/rubygems/bundler_version_finder.rb:7:in `bundler_version'
	from /Users/joshuajacobs/.rvm/rubies/ruby-2.6.5/lib/ruby/site_ruby/2.6.0/rubygems/bundler_version_finder.rb:39:in `compatible?'
	from /Users/joshuajacobs/.rvm/rubies/ruby-2.6.5/lib/ruby/site_ruby/2.6.0/rubygems/specification.rb:1037:in `block in find_by_path'
	from /Users/joshuajacobs/.rvm/rubies/ruby-2.6.5/lib/ruby/site_ruby/2.6.0/rubygems/specification.rb:1036:in `each'
	from /Users/joshuajacobs/.rvm/rubies/ruby-2.6.5/lib/ruby/site_ruby/2.6.0/rubygems/specification.rb:1036:in `find'
	from /Users/joshuajacobs/.rvm/rubies/ruby-2.6.5/lib/ruby/site_ruby/2.6.0/rubygems/specification.rb:1036:in `find_by_path'
	from /Users/joshuajacobs/.rvm/rubies/ruby-2.6.5/lib/ruby/site_ruby/2.6.0/rubygems.rb:213:in `try_activate'
	from /Users/joshuajacobs/.rvm/rubies/ruby-2.6.5/lib/ruby/site_ruby/2.6.0/rubygems/core_ext/kernel_require.rb:123:in `rescue in require'
	from /Users/joshuajacobs/.rvm/rubies/ruby-2.6.5/lib/ruby/site_ruby/2.6.0/rubygems/core_ext/kernel_require.rb:34:in `require'
	from /Users/joshuajacobs/.rvm/gems/ruby-2.6.5/bin/ruby_executable_hooks:9:in `<main>'
/Users/joshuajacobs/.rvm/rubies/ruby-2.6.5/lib/ruby/site_ruby/2.6.0/rubygems/core_ext/kernel_require.rb:54:in `require': cannot load such file -- executable-hooks/hooks (LoadError)
	from /Users/joshuajacobs/.rvm/rubies/ruby-2.6.5/lib/ruby/site_ruby/2.6.0/rubygems/core_ext/kernel_require.rb:54:in `require'
	from /Users/joshuajacobs/.rvm/gems/ruby-2.6.5/bin/ruby_executable_hooks:9:in `<main>'
/Users/joshuajacobs/.rvm/rubies/ruby-2.6.5/lib/ruby/site_ruby/2.6.0/rubygems/bundler_version_finder.rb:80:in `pwd': Operation not permitted - getcwd (Errno::EPERM)
	from /Users/joshuajacobs/.rvm/rubies/ruby-2.6.5/lib/ruby/site_ruby/2.6.0/rubygems/bundler_version_finder.rb:80:in `lockfile_contents'
	from /Users/joshuajacobs/.rvm/rubies/ruby-2.6.5/lib/ruby/site_ruby/2.6.0/rubygems/bundler_version_finder.rb:68:in `lockfile_version'
	from /Users/joshuajacobs/.rvm/rubies/ruby-2.6.5/lib/ruby/site_ruby/2.6.0/rubygems/bundler_version_finder.rb:22:in `bundler_version_with_reason'
	from /Users/joshuajacobs/.rvm/rubies/ruby-2.6.5/lib/ruby/site_ruby/2.6.0/rubygems/bundler_version_finder.rb:7:in `bundler_version'
	from /Users/joshuajacobs/.rvm/rubies/ruby-2.6.5/lib/ruby/site_ruby/2.6.0/rubygems/bundler_version_finder.rb:39:in `compatible?'
	from /Users/joshuajacobs/.rvm/rubies/ruby-2.6.5/lib/ruby/site_ruby/2.6.0/rubygems/specification.rb:1037:in `block in find_by_path'
	from /Users/joshuajacobs/.rvm/rubies/ruby-2.6.5/lib/ruby/site_ruby/2.6.0/rubygems/specification.rb:1036:in `each'
	from /Users/joshuajacobs/.rvm/rubies/ruby-2.6.5/lib/ruby/site_ruby/2.6.0/rubygems/specification.rb:1036:in `find'
	from /Users/joshuajacobs/.rvm/rubies/ruby-2.6.5/lib/ruby/site_ruby/2.6.0/rubygems/specification.rb:1036:in `find_by_path'
	from /Users/joshuajacobs/.rvm/rubies/ruby-2.6.5/lib/ruby/site_ruby/2.6.0/rubygems.rb:213:in `try_activate'
	from /Users/joshuajacobs/.rvm/rubies/ruby-2.6.5/lib/ruby/site_ruby/2.6.0/rubygems/core_ext/kernel_require.rb:123:in `rescue in require'
	from /Users/joshuajacobs/.rvm/rubies/ruby-2.6.5/lib/ruby/site_ruby/2.6.0/rubygems/core_ext/kernel_require.rb:34:in `require'
	from /Users/joshuajacobs/.rvm/gems/ruby-2.6.5/bin/ruby_executable_hooks:9:in `<main>'
/Users/joshuajacobs/.rvm/rubies/ruby-2.6.5/lib/ruby/site_ruby/2.6.0/rubygems/core_ext/kernel_require.rb:54:in `require': cannot load such file -- executable-hooks/hooks (LoadError)
	from /Users/joshuajacobs/.rvm/rubies/ruby-2.6.5/lib/ruby/site_ruby/2.6.0/rubygems/core_ext/kernel_require.rb:54:in `require'
	from /Users/joshuajacobs/.rvm/gems/ruby-2.6.5/bin/ruby_executable_hooks:9:in `<main>'
/Users/joshuajacobs/.rvm/rubies/ruby-2.6.5/lib/ruby/site_ruby/2.6.0/rubygems/bundler_version_finder.rb:80:in `pwd': Operation not permitted - getcwd (Errno::EPERM)
	from /Users/joshuajacobs/.rvm/rubies/ruby-2.6.5/lib/ruby/site_ruby/2.6.0/rubygems/bundler_version_finder.rb:80:in `lockfile_contents'
	from /Users/joshuajacobs/.rvm/rubies/ruby-2.6.5/lib/ruby/site_ruby/2.6.0/rubygems/bundler_version_finder.rb:68:in `lockfile_version'
	from /Users/joshuajacobs/.rvm/rubies/ruby-2.6.5/lib/ruby/site_ruby/2.6.0/rubygems/bundler_version_finder.rb:22:in `bundler_version_with_reason'
	from /Users/joshuajacobs/.rvm/rubies/ruby-2.6.5/lib/ruby/site_ruby/2.6.0/rubygems/bundler_version_finder.rb:7:in `bundler_version'
	from /Users/joshuajacobs/.rvm/rubies/ruby-2.6.5/lib/ruby/site_ruby/2.6.0/rubygems/bundler_version_finder.rb:39:in `compatible?'
	from /Users/joshuajacobs/.rvm/rubies/ruby-2.6.5/lib/ruby/site_ruby/2.6.0/rubygems/specification.rb:1037:in `block in find_by_path'
	from /Users/joshuajacobs/.rvm/rubies/ruby-2.6.5/lib/ruby/site_ruby/2.6.0/rubygems/specification.rb:1036:in `each'
	from /Users/joshuajacobs/.rvm/rubies/ruby-2.6.5/lib/ruby/site_ruby/2.6.0/rubygems/specification.rb:1036:in `find'
	from /Users/joshuajacobs/.rvm/rubies/ruby-2.6.5/lib/ruby/site_ruby/2.6.0/rubygems/specification.rb:1036:in `find_by_path'
	from /Users/joshuajacobs/.rvm/rubies/ruby-2.6.5/lib/ruby/site_ruby/2.6.0/rubygems.rb:213:in `try_activate'
	from /Users/joshuajacobs/.rvm/rubies/ruby-2.6.5/lib/ruby/site_ruby/2.6.0/rubygems/core_ext/kernel_require.rb:123:in `rescue in require'
	from /Users/joshuajacobs/.rvm/rubies/ruby-2.6.5/lib/ruby/site_ruby/2.6.0/rubygems/core_ext/kernel_require.rb:34:in `require'
	from /Users/joshuajacobs/.rvm/gems/ruby-2.6.5/bin/ruby_executable_hooks:9:in `<main>'
/Users/joshuajacobs/.rvm/rubies/ruby-2.6.5/lib/ruby/site_ruby/2.6.0/rubygems/core_ext/kernel_require.rb:54:in `require': cannot load such file -- executable-hooks/hooks (LoadError)
	from /Users/joshuajacobs/.rvm/rubies/ruby-2.6.5/lib/ruby/site_ruby/2.6.0/rubygems/core_ext/kernel_require.rb:54:in `require'
	from /Users/joshuajacobs/.rvm/gems/ruby-2.6.5/bin/ruby_executable_hooks:9:in `<main>'
